<?xml version="1.0" encoding="UTF-8"?>
<testsuite name="cricketleagueanalysis.CricketLeagueAnalyserTest" tests="16" skipped="0" failures="0" errors="0" timestamp="2020-08-27T20:25:07" hostname="EEE1407203" time="3.384">
  <properties/>
  <testcase name="givenMostRunFactSheet_WhenShortedOnBattingAverageWithBestStrikingRates_ShouldReturnSortedResult" classname="cricketleagueanalysis.CricketLeagueAnalyserTest" time="0.632"/>
  <testcase name="givenMostRunFactSheet_WhenShortedOnBestBowlingAverageWithMaxWicket_ShouldReturnSortedResult" classname="cricketleagueanalysis.CricketLeagueAnalyserTest" time="0.167"/>
  <testcase name="givenMostRunFactSheet_WhenShortedOnBestRunsWithBattingAverage_ShouldReturnSortedResult" classname="cricketleagueanalysis.CricketLeagueAnalyserTest" time="0.21"/>
  <testcase name="givenMostRunFactSheet_WhenShortedOnBestBowlingAverageWithStrikeRate_ShouldReturnSortedResult" classname="cricketleagueanalysis.CricketLeagueAnalyserTest" time="0.179"/>
  <testcase name="givenMostRunFactSheet_WhenShortedOnMaximum6sAnd4s_ShouldReturnSortedResult" classname="cricketleagueanalysis.CricketLeagueAnalyserTest" time="0.181"/>
  <testcase name="givenMostRunFactSheet_WhenShortedOnBestEconomyRate_ShouldReturnSortedResult" classname="cricketleagueanalysis.CricketLeagueAnalyserTest" time="0.164"/>
  <testcase name="givenMostRunFactSheet_WhenShortedOnMaximum6sAnd4sWithStrikingRates_ShouldReturnSortedResult" classname="cricketleagueanalysis.CricketLeagueAnalyserTest" time="0.172"/>
  <testcase name="givenMostRunFactSheet_WhenShortedOnBestStrikeRateWith4wAnd5w_ShouldReturnSortedResult" classname="cricketleagueanalysis.CricketLeagueAnalyserTest" time="0.198"/>
  <testcase name="givenMostRunFactSheet_WhenShortedOnBattingAverage_ShouldReturnSortedResult" classname="cricketleagueanalysis.CricketLeagueAnalyserTest" time="0.206"/>
  <testcase name="givenMostRunFactSheet_WhenShortedOnBestBowlingAverage_ShouldReturnSortedResult" classname="cricketleagueanalysis.CricketLeagueAnalyserTest" time="0.19"/>
  <testcase name="givenMostRunFactSheet_WhenShortedOnBestRunsAndWickets_ShouldReturnSortedResult" classname="cricketleagueanalysis.CricketLeagueAnalyserTest" time="0.346"/>
  <testcase name="givenMostRunFactSheet_WhenShortedOnBestBattingAndBowlingAverage_ShouldReturnSortedResult" classname="cricketleagueanalysis.CricketLeagueAnalyserTest" time="0.227"/>
  <testcase name="givenMostRunFactSheet_WhenShortedOnBestBowlerStrikeRate_ShouldReturnSortedResult" classname="cricketleagueanalysis.CricketLeagueAnalyserTest" time="0.107"/>
  <testcase name="givenMostRunFactSheet_WhenShortedOnBestBattingAverageWithMin100sAnd50_ShouldReturnSortedResult" classname="cricketleagueanalysis.CricketLeagueAnalyserTest" time="0.132"/>
  <testcase name="givenMostRunFactSheet_WhenShortedOnBestBattingAverageWithMax100_ShouldReturnSortedResult" classname="cricketleagueanalysis.CricketLeagueAnalyserTest" time="0.128"/>
  <testcase name="givenMostRunFactSheet_WhenShortedOnStrikingRates_ShouldReturnSortedResult" classname="cricketleagueanalysis.CricketLeagueAnalyserTest" time="0.126"/>
  <system-out><![CDATA[]]></system-out>
  <system-err><![CDATA[]]></system-err>
</testsuite>
